<?xml version="1.0" encoding="UTF-8"?>
<testng-results ignored="0" total="1" passed="1" failed="0" skipped="0">
  <reporter-output>
  </reporter-output>
  <suite started-at="2023-06-03T12:50:12 IST" name="Default suite" finished-at="2023-06-03T12:50:56 IST" duration-ms="43796">
    <groups>
    </groups>
    <test started-at="2023-06-03T12:50:12 IST" name="Default test" finished-at="2023-06-03T12:50:56 IST" duration-ms="43796">
      <class name="com.qt.testcases.TestNGClasses">
        <test-method is-config="true" signature="launchBrowser()[pri:0, instance:com.qt.testcases.TestNGClasses@61862a7f]" started-at="2023-06-03T12:50:12 IST" name="launchBrowser" finished-at="2023-06-03T12:50:41 IST" duration-ms="29077" status="PASS">
          <reporter-output>
          </reporter-output>
        </test-method> <!-- launchBrowser -->
        <test-method signature="createAccount()[pri:0, instance:com.qt.testcases.TestNGClasses@61862a7f]" started-at="2023-06-03T12:50:41 IST" name="createAccount" finished-at="2023-06-03T12:50:55 IST" duration-ms="13600" status="PASS">
          <reporter-output>
          </reporter-output>
        </test-method> <!-- createAccount -->
        <test-method is-config="true" signature="tearDown()[pri:0, instance:com.qt.testcases.TestNGClasses@61862a7f]" started-at="2023-06-03T12:50:55 IST" name="tearDown" finished-at="2023-06-03T12:50:56 IST" duration-ms="1036" status="PASS">
          <reporter-output>
          </reporter-output>
        </test-method> <!-- tearDown -->
      </class> <!-- com.qt.testcases.TestNGClasses -->
    </test> <!-- Default test -->
  </suite> <!-- Default suite -->
</testng-results>
